[debug] [2023-03-25T20:41:29.675Z] ----------------------------------------------------------------------
[debug] [2023-03-25T20:41:29.677Z] Command:       C:\Program Files\nodejs\node.exe C:\Program Files\nodejs\node_modules\firebase-tools\lib\bin\firebase.js init
[debug] [2023-03-25T20:41:29.677Z] CLI Version:   11.25.1
[debug] [2023-03-25T20:41:29.677Z] Platform:      win32
[debug] [2023-03-25T20:41:29.677Z] Node Version:  v18.15.0
[debug] [2023-03-25T20:41:29.678Z] Time:          Sun Mar 26 2023 02:11:29 GMT+0530 (India Standard Time)
[debug] [2023-03-25T20:41:29.679Z] ----------------------------------------------------------------------
[debug] 
[debug] [2023-03-25T20:41:29.685Z] > command requires scopes: ["email","openid","https://www.googleapis.com/auth/cloudplatformprojects.readonly","https://www.googleapis.com/auth/firebase","https://www.googleapis.com/auth/cloud-platform"]
[debug] [2023-03-25T20:41:29.685Z] > authorizing via signed-in user (gs20072000@gmail.com)
[info] 
     ######## #### ########  ######## ########     ###     ######  ########
     ##        ##  ##     ## ##       ##     ##  ##   ##  ##       ##
     ######    ##  ########  ######   ########  #########  ######  ######
     ##        ##  ##    ##  ##       ##     ## ##     ##       ## ##
     ##       #### ##     ## ######## ########  ##     ##  ######  ########

You're about to initialize a Firebase project in this directory:

  D:\Projects_all\firebase-project

[info] 
=== Project Setup
[info] 
[info] First, let's associate this project directory with a Firebase project.
[info] You can create multiple project aliases by running firebase use --add, 
[info] but for now we'll just set up a default project.
[info] 
[debug] [2023-03-25T20:42:21.418Z] >>> [apiv2][query] GET https://firebase.googleapis.com/v1beta1/projects pageSize=100
[debug] [2023-03-25T20:42:22.204Z] <<< [apiv2][status] GET https://firebase.googleapis.com/v1beta1/projects 200
[debug] [2023-03-25T20:42:22.205Z] <<< [apiv2][body] GET https://firebase.googleapis.com/v1beta1/projects [omitted]
[info] i  Using project chatapp-43bfe (chatapp) 
[info] 
=== Hosting Setup
[info] 
[info] Your public directory is the folder (relative to your project directory) that
[info] will contain Hosting assets to be uploaded with firebase deploy. If you
[info] have a build process for your assets, use your build's output directory.
[info] 
[info] +  Wrote public/404.html 
[debug] [2023-03-25T20:44:22.237Z] >>> [apiv2][query] GET https://www.gstatic.com/firebasejs/releases.json [none]
[debug] [2023-03-25T20:44:22.367Z] <<< [apiv2][status] GET https://www.gstatic.com/firebasejs/releases.json 200
[debug] [2023-03-25T20:44:22.368Z] <<< [apiv2][body] GET https://www.gstatic.com/firebasejs/releases.json {"current":{"version":"9.18.0","browserURL":"https://www.gstatic.com/firebasejs/9.18.0/firebase.js","packageURL":"https://www.gstatic.com/firebasejs/9.18.0/firebase.tgz"},"live":{"version":"9.18","browserURL":"https://www.gstatic.com/firebasejs/live/9.18/firebase.js","packageURL":"https://www.gstatic.com/firebasejs/live/9.18/firebase.tgz"},"components":{"analytics":"https://www.gstatic.com/firebasejs/9.18.0/firebase-analytics.js","app":"https://www.gstatic.com/firebasejs/9.18.0/firebase-app.js","app-check":"https://www.gstatic.com/firebasejs/9.18.0/firebase-app-check.js","auth":"https://www.gstatic.com/firebasejs/9.18.0/firebase-auth.js","auth/cordova":"https://www.gstatic.com/firebasejs/9.18.0/firebase-auth/cordova.js","auth/react-native":"https://www.gstatic.com/firebasejs/9.18.0/firebase-auth/react-native.js","functions":"https://www.gstatic.com/firebasejs/9.18.0/firebase-functions.js","firestore":"https://www.gstatic.com/firebasejs/9.18.0/firebase-firestore.js","firestore/lite":"https://www.gstatic.com/firebasejs/9.18.0/firebase-firestore/lite.js","installations":"https://www.gstatic.com/firebasejs/9.18.0/firebase-installations.js","storage":"https://www.gstatic.com/firebasejs/9.18.0/firebase-storage.js","performance":"https://www.gstatic.com/firebasejs/9.18.0/firebase-performance.js","remote-config":"https://www.gstatic.com/firebasejs/9.18.0/firebase-remote-config.js","messaging":"https://www.gstatic.com/firebasejs/9.18.0/firebase-messaging.js","messaging/sw":"https://www.gstatic.com/firebasejs/9.18.0/firebase-messaging/sw.js","database":"https://www.gstatic.com/firebasejs/9.18.0/firebase-database.js","firestore.memory":"https://www.gstatic.com/firebasejs/9.18.0/firebase-firestore.memory.js"}}
[info] i  Skipping write of public/index.html 
[info] 
[info] i  Detected a .git folder at D:\Projects_all\firebase-project 
[info] i  Authorizing with GitHub to upload your service account to a GitHub repository's secrets store. 
[info] 
[info] Visit this URL on this device to log in:
[info] https://github.com/login/oauth/authorize?client_id=89cf50f02ac6aaed3484&state=139376231&redirect_uri=http%3A%2F%2Flocalhost%3A9005&scope=read%3Auser%20repo%20public_repo
[info] 
[info] Waiting for authentication...
[debug] [2023-03-25T20:51:06.049Z] >>> [apiv2][query] POST https://github.com/login/oauth/access_token [none]
[debug] [2023-03-25T20:51:06.049Z] >>> [apiv2][body] POST https://github.com/login/oauth/access_token [stream]
[debug] [2023-03-25T20:51:06.402Z] <<< [apiv2][status] POST https://github.com/login/oauth/access_token 200
[debug] [2023-03-25T20:51:06.402Z] <<< [apiv2][body] POST https://github.com/login/oauth/access_token {"access_token":"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","token_type":"bearer","scope":"read:user,repo"}
[debug] [2023-03-25T20:51:06.422Z] >>> [apiv2][query] GET https://api.github.com/user [none]
[debug] [2023-03-25T20:51:06.796Z] <<< [apiv2][status] GET https://api.github.com/user 200
[debug] [2023-03-25T20:51:06.796Z] <<< [apiv2][body] GET https://api.github.com/user {"login":"Ganesh-Shinde-77","id":94378596,"node_id":"U_kgDOBaAaZA","avatar_url":"https://avatars.githubusercontent.com/u/94378596?v=4","gravatar_id":"","url":"https://api.github.com/users/Ganesh-Shinde-77","html_url":"https://github.com/Ganesh-Shinde-77","followers_url":"https://api.github.com/users/Ganesh-Shinde-77/followers","following_url":"https://api.github.com/users/Ganesh-Shinde-77/following{/other_user}","gists_url":"https://api.github.com/users/Ganesh-Shinde-77/gists{/gist_id}","starred_url":"https://api.github.com/users/Ganesh-Shinde-77/starred{/owner}{/repo}","subscriptions_url":"https://api.github.com/users/Ganesh-Shinde-77/subscriptions","organizations_url":"https://api.github.com/users/Ganesh-Shinde-77/orgs","repos_url":"https://api.github.com/users/Ganesh-Shinde-77/repos","events_url":"https://api.github.com/users/Ganesh-Shinde-77/events{/privacy}","received_events_url":"https://api.github.com/users/Ganesh-Shinde-77/received_events","type":"User","site_admin":false,"name":"Ganesh","company":null,"blog":"","location":null,"email":null,"hireable":null,"bio":"Computer Final Year | Mumbai University | Web Development | JavaScript | React","twitter_username":null,"public_repos":8,"public_gists":0,"followers":0,"following":0,"created_at":"2021-11-15T14:29:26Z","updated_at":"2023-03-25T20:48:20Z","private_gists":0,"total_private_repos":1,"owned_private_repos":1,"disk_usage":18775,"collaborators":0,"two_factor_authentication":false,"plan":{"name":"free","space":976562499,"collaborators":0,"private_repos":10000}}
[info] 
[info] +  Success! Logged into GitHub as Ganesh-Shinde-77 
[info] 
